JapLearn2/app/build/intermediates/manifest_merge_blame_file/debug/manifest-merger-blame-debug-report.txt
1<?xml version="1.0" encoding="utf-8"?>
2<manifest xmlns:android="http://schemas.android.com/apk/res/android"
3    package="com.example.japlearn"
4    android:versionCode="1"
5    android:versionName="1.0" >
6
7    <uses-sdk
8        android:minSdkVersion="26"
8-->src\main\AndroidManifest.xml
9        android:targetSdkVersion="34" />
9-->src\main\AndroidManifest.xml
10
11    <!-- Although the *SdkVersion is captured in gradle build files, this is required for non gradle builds -->
12    <!-- <uses-sdk android:minSdkVersion="21" /> -->
13    <uses-permission android:name="android.permission.ACCESS_NETWORK_STATE" />
13-->[com.google.firebase:firebase-firestore:25.0.0] AndroidManifest.xml:10:5-79
13-->[com.google.firebase:firebase-firestore:25.0.0] AndroidManifest.xml:10:22-76
14    <uses-permission android:name="android.permission.INTERNET" />
14-->[com.google.firebase:firebase-firestore:25.0.0] AndroidManifest.xml:11:5-67
14-->[com.google.firebase:firebase-firestore:25.0.0] AndroidManifest.xml:11:22-64
15    <uses-permission android:name="android.permission.WAKE_LOCK" />
15-->[com.google.android.gms:play-services-measurement-api:22.0.0] AndroidManifest.xml:24:5-68
15-->[com.google.android.gms:play-services-measurement-api:22.0.0] AndroidManifest.xml:24:22-65
16    <uses-permission android:name="com.google.android.gms.permission.AD_ID" />
16-->[com.google.android.gms:play-services-measurement-api:22.0.0] AndroidManifest.xml:25:5-79
16-->[com.google.android.gms:play-services-measurement-api:22.0.0] AndroidManifest.xml:25:22-76
17    <uses-permission android:name="android.permission.ACCESS_ADSERVICES_ATTRIBUTION" />
17-->[com.google.android.gms:play-services-measurement-api:22.0.0] AndroidManifest.xml:26:5-88
17-->[com.google.android.gms:play-services-measurement-api:22.0.0] AndroidManifest.xml:26:22-85
18    <uses-permission android:name="android.permission.ACCESS_ADSERVICES_AD_ID" />
18-->[com.google.android.gms:play-services-measurement-api:22.0.0] AndroidManifest.xml:27:5-82
18-->[com.google.android.gms:play-services-measurement-api:22.0.0] AndroidManifest.xml:27:22-79
19    <uses-permission android:name="com.google.android.finsky.permission.BIND_GET_INSTALL_REFERRER_SERVICE" />
19-->[com.google.android.gms:play-services-measurement:22.0.0] AndroidManifest.xml:26:5-110
19-->[com.google.android.gms:play-services-measurement:22.0.0] AndroidManifest.xml:26:22-107
20
21    <permission
21-->[androidx.core:core:1.9.0] AndroidManifest.xml:22:5-24:47
22        android:name="com.example.japlearn.DYNAMIC_RECEIVER_NOT_EXPORTED_PERMISSION"
22-->[androidx.core:core:1.9.0] AndroidManifest.xml:23:9-81
23        android:protectionLevel="signature" />
23-->[androidx.core:core:1.9.0] AndroidManifest.xml:24:9-44
24
25    <uses-permission android:name="com.example.japlearn.DYNAMIC_RECEIVER_NOT_EXPORTED_PERMISSION" />
25-->[androidx.core:core:1.9.0] AndroidManifest.xml:26:5-97
25-->[androidx.core:core:1.9.0] AndroidManifest.xml:26:22-94
26
27    <application
27-->src\main\AndroidManifest.xml:5:5-31:19
28        android:allowBackup="true"
28-->src\main\AndroidManifest.xml:6:9-35
29        android:appComponentFactory="androidx.core.app.CoreComponentFactory"
29-->[androidx.core:core:1.9.0] AndroidManifest.xml:28:18-86
30        android:dataExtractionRules="@xml/data_extraction_rules"
30-->src\main\AndroidManifest.xml:7:9-65
31        android:debuggable="true"
32        android:extractNativeLibs="false"
33        android:fullBackupContent="@xml/backup_rules"
33-->src\main\AndroidManifest.xml:8:9-54
34        android:icon="@mipmap/ic_launcher"
34-->src\main\AndroidManifest.xml:9:9-43
35        android:label="@string/app_name"
35-->src\main\AndroidManifest.xml:10:9-41
36        android:roundIcon="@mipmap/ic_launcher_round"
36-->src\main\AndroidManifest.xml:11:9-54
37        android:supportsRtl="true"
37-->src\main\AndroidManifest.xml:12:9-35
38        android:testOnly="true"
39        android:theme="@style/Theme.JapLearn" >
39-->src\main\AndroidManifest.xml:13:9-46
40        <activity
40-->src\main\AndroidManifest.xml:15:9-17:40
41            android:name="com.example.japlearn.Lesson431"
41-->src\main\AndroidManifest.xml:16:13-38
42            android:exported="false" />
42-->src\main\AndroidManifest.xml:17:13-37
43        <activity
43-->src\main\AndroidManifest.xml:18:9-21:65
44            android:name="com.example.japlearn.ui.login.UserLogin"
44-->src\main\AndroidManifest.xml:19:13-47
45            android:exported="false"
45-->src\main\AndroidManifest.xml:20:13-37
46            android:label="@string/title_activity_user_login" />
46-->src\main\AndroidManifest.xml:21:13-62
47        <activity
47-->src\main\AndroidManifest.xml:22:9-30:20
48            android:name="com.example.japlearn.MainActivity"
48-->src\main\AndroidManifest.xml:23:13-41
49            android:exported="true" >
49-->src\main\AndroidManifest.xml:24:13-36
50            <intent-filter>
50-->src\main\AndroidManifest.xml:25:13-29:29
51                <action android:name="android.intent.action.MAIN" />
51-->src\main\AndroidManifest.xml:26:17-69
51-->src\main\AndroidManifest.xml:26:25-66
52
53                <category android:name="android.intent.category.LAUNCHER" />
53-->src\main\AndroidManifest.xml:28:17-77
53-->src\main\AndroidManifest.xml:28:27-74
54            </intent-filter>
55        </activity>
56
57        <service
57-->[com.google.firebase:firebase-firestore:25.0.0] AndroidManifest.xml:14:9-23:19
58            android:name="com.google.firebase.components.ComponentDiscoveryService"
58-->[com.google.firebase:firebase-firestore:25.0.0] AndroidManifest.xml:15:13-84
59            android:directBootAware="true"
59-->[com.google.firebase:firebase-common:21.0.0] AndroidManifest.xml:32:13-43
60            android:exported="false" >
60-->[com.google.firebase:firebase-firestore:25.0.0] AndroidManifest.xml:16:13-37
61            <meta-data
61-->[com.google.firebase:firebase-firestore:25.0.0] AndroidManifest.xml:17:13-19:85
62                android:name="com.google.firebase.components:com.google.firebase.firestore.FirebaseFirestoreKtxRegistrar"
62-->[com.google.firebase:firebase-firestore:25.0.0] AndroidManifest.xml:18:17-122
63                android:value="com.google.firebase.components.ComponentRegistrar" />
63-->[com.google.firebase:firebase-firestore:25.0.0] AndroidManifest.xml:19:17-82
64            <meta-data
64-->[com.google.firebase:firebase-firestore:25.0.0] AndroidManifest.xml:20:13-22:85
65                android:name="com.google.firebase.components:com.google.firebase.firestore.FirestoreRegistrar"
65-->[com.google.firebase:firebase-firestore:25.0.0] AndroidManifest.xml:21:17-111
66                android:value="com.google.firebase.components.ComponentRegistrar" />
66-->[com.google.firebase:firebase-firestore:25.0.0] AndroidManifest.xml:22:17-82
67            <meta-data
67-->[com.google.android.gms:play-services-measurement-api:22.0.0] AndroidManifest.xml:37:13-39:85
68                android:name="com.google.firebase.components:com.google.firebase.analytics.connector.internal.AnalyticsConnectorRegistrar"
68-->[com.google.android.gms:play-services-measurement-api:22.0.0] AndroidManifest.xml:38:17-139
69                android:value="com.google.firebase.components.ComponentRegistrar" />
69-->[com.google.android.gms:play-services-measurement-api:22.0.0] AndroidManifest.xml:39:17-82
70            <meta-data
70-->[com.google.firebase:firebase-installations:18.0.0] AndroidManifest.xml:15:13-17:85
71                android:name="com.google.firebase.components:com.google.firebase.installations.FirebaseInstallationsKtxRegistrar"
71-->[com.google.firebase:firebase-installations:18.0.0] AndroidManifest.xml:16:17-130
72                android:value="com.google.firebase.components.ComponentRegistrar" />
72-->[com.google.firebase:firebase-installations:18.0.0] AndroidManifest.xml:17:17-82
73            <meta-data
73-->[com.google.firebase:firebase-installations:18.0.0] AndroidManifest.xml:18:13-20:85
74                android:name="com.google.firebase.components:com.google.firebase.installations.FirebaseInstallationsRegistrar"
74-->[com.google.firebase:firebase-installations:18.0.0] AndroidManifest.xml:19:17-127
75                android:value="com.google.firebase.components.ComponentRegistrar" />
75-->[com.google.firebase:firebase-installations:18.0.0] AndroidManifest.xml:20:17-82
76            <meta-data
76-->[com.google.firebase:firebase-common-ktx:21.0.0] AndroidManifest.xml:12:13-14:85
77                android:name="com.google.firebase.components:com.google.firebase.ktx.FirebaseCommonLegacyRegistrar"
77-->[com.google.firebase:firebase-common-ktx:21.0.0] AndroidManifest.xml:13:17-116
78                android:value="com.google.firebase.components.ComponentRegistrar" />
78-->[com.google.firebase:firebase-common-ktx:21.0.0] AndroidManifest.xml:14:17-82
79            <meta-data
79-->[com.google.firebase:firebase-common:21.0.0] AndroidManifest.xml:35:13-37:85
80                android:name="com.google.firebase.components:com.google.firebase.FirebaseCommonKtxRegistrar"
80-->[com.google.firebase:firebase-common:21.0.0] AndroidManifest.xml:36:17-109
81                android:value="com.google.firebase.components.ComponentRegistrar" />
81-->[com.google.firebase:firebase-common:21.0.0] AndroidManifest.xml:37:17-82
82        </service>
83
84        <activity
84-->[com.google.android.gms:play-services-base:18.0.1] AndroidManifest.xml:20:9-22:45
85            android:name="com.google.android.gms.common.api.GoogleApiActivity"
85-->[com.google.android.gms:play-services-base:18.0.1] AndroidManifest.xml:20:19-85
86            android:exported="false"
86-->[com.google.android.gms:play-services-base:18.0.1] AndroidManifest.xml:22:19-43
87            android:theme="@android:style/Theme.Translucent.NoTitleBar" />
87-->[com.google.android.gms:play-services-base:18.0.1] AndroidManifest.xml:21:19-78
88
89        <property
89-->[com.google.android.gms:play-services-measurement-api:22.0.0] AndroidManifest.xml:30:9-32:61
90            android:name="android.adservices.AD_SERVICES_CONFIG"
90-->[com.google.android.gms:play-services-measurement-api:22.0.0] AndroidManifest.xml:31:13-65
91            android:resource="@xml/ga_ad_services_config" />
91-->[com.google.android.gms:play-services-measurement-api:22.0.0] AndroidManifest.xml:32:13-58
92
93        <provider
93-->[com.google.firebase:firebase-common:21.0.0] AndroidManifest.xml:23:9-28:39
94            android:name="com.google.firebase.provider.FirebaseInitProvider"
94-->[com.google.firebase:firebase-common:21.0.0] AndroidManifest.xml:24:13-77
95            android:authorities="com.example.japlearn.firebaseinitprovider"
95-->[com.google.firebase:firebase-common:21.0.0] AndroidManifest.xml:25:13-72
96            android:directBootAware="true"
96-->[com.google.firebase:firebase-common:21.0.0] AndroidManifest.xml:26:13-43
97            android:exported="false"
97-->[com.google.firebase:firebase-common:21.0.0] AndroidManifest.xml:27:13-37
98            android:initOrder="100" />
98-->[com.google.firebase:firebase-common:21.0.0] AndroidManifest.xml:28:13-36
99
100        <receiver
100-->[com.google.android.gms:play-services-measurement:22.0.0] AndroidManifest.xml:29:9-33:20
101            android:name="com.google.android.gms.measurement.AppMeasurementReceiver"
101-->[com.google.android.gms:play-services-measurement:22.0.0] AndroidManifest.xml:30:13-85
102            android:enabled="true"
102-->[com.google.android.gms:play-services-measurement:22.0.0] AndroidManifest.xml:31:13-35
103            android:exported="false" >
103-->[com.google.android.gms:play-services-measurement:22.0.0] AndroidManifest.xml:32:13-37
104        </receiver>
105
106        <service
106-->[com.google.android.gms:play-services-measurement:22.0.0] AndroidManifest.xml:35:9-38:40
107            android:name="com.google.android.gms.measurement.AppMeasurementService"
107-->[com.google.android.gms:play-services-measurement:22.0.0] AndroidManifest.xml:36:13-84
108            android:enabled="true"
108-->[com.google.android.gms:play-services-measurement:22.0.0] AndroidManifest.xml:37:13-35
109            android:exported="false" />
109-->[com.google.android.gms:play-services-measurement:22.0.0] AndroidManifest.xml:38:13-37
110        <service
110-->[com.google.android.gms:play-services-measurement:22.0.0] AndroidManifest.xml:39:9-43:72
111            android:name="com.google.android.gms.measurement.AppMeasurementJobService"
111-->[com.google.android.gms:play-services-measurement:22.0.0] AndroidManifest.xml:40:13-87
112            android:enabled="true"
112-->[com.google.android.gms:play-services-measurement:22.0.0] AndroidManifest.xml:41:13-35
113            android:exported="false"
113-->[com.google.android.gms:play-services-measurement:22.0.0] AndroidManifest.xml:42:13-37
114            android:permission="android.permission.BIND_JOB_SERVICE" />
114-->[com.google.android.gms:play-services-measurement:22.0.0] AndroidManifest.xml:43:13-69
115
116        <provider
116-->[androidx.emoji2:emoji2:1.2.0] AndroidManifest.xml:24:9-32:20
117            android:name="androidx.startup.InitializationProvider"
117-->[androidx.emoji2:emoji2:1.2.0] AndroidManifest.xml:25:13-67
118            android:authorities="com.example.japlearn.androidx-startup"
118-->[androidx.emoji2:emoji2:1.2.0] AndroidManifest.xml:26:13-68
119            android:exported="false" >
119-->[androidx.emoji2:emoji2:1.2.0] AndroidManifest.xml:27:13-37
120            <meta-data
120-->[androidx.emoji2:emoji2:1.2.0] AndroidManifest.xml:29:13-31:52
121                android:name="androidx.emoji2.text.EmojiCompatInitializer"
121-->[androidx.emoji2:emoji2:1.2.0] AndroidManifest.xml:30:17-75
122                android:value="androidx.startup" />
122-->[androidx.emoji2:emoji2:1.2.0] AndroidManifest.xml:31:17-49
123            <meta-data
123-->[androidx.lifecycle:lifecycle-process:2.6.1] AndroidManifest.xml:29:13-31:52
124                android:name="androidx.lifecycle.ProcessLifecycleInitializer"
124-->[androidx.lifecycle:lifecycle-process:2.6.1] AndroidManifest.xml:30:17-78
125                android:value="androidx.startup" />
125-->[androidx.lifecycle:lifecycle-process:2.6.1] AndroidManifest.xml:31:17-49
126            <meta-data
126-->[androidx.profileinstaller:profileinstaller:1.3.0] AndroidManifest.xml:29:13-31:52
127                android:name="androidx.profileinstaller.ProfileInstallerInitializer"
127-->[androidx.profileinstaller:profileinstaller:1.3.0] AndroidManifest.xml:30:17-85
128                android:value="androidx.startup" />
128-->[androidx.profileinstaller:profileinstaller:1.3.0] AndroidManifest.xml:31:17-49
129        </provider>
130
131        <uses-library
131-->[androidx.privacysandbox.ads:ads-adservices:1.0.0-beta05] AndroidManifest.xml:23:9-25:40
132            android:name="android.ext.adservices"
132-->[androidx.privacysandbox.ads:ads-adservices:1.0.0-beta05] AndroidManifest.xml:24:13-50
133            android:required="false" />
133-->[androidx.privacysandbox.ads:ads-adservices:1.0.0-beta05] AndroidManifest.xml:25:13-37
134
135        <meta-data
135-->[com.google.android.gms:play-services-basement:18.3.0] AndroidManifest.xml:21:9-23:69
136            android:name="com.google.android.gms.version"
136-->[com.google.android.gms:play-services-basement:18.3.0] AndroidManifest.xml:22:13-58
137            android:value="@integer/google_play_services_version" />
137-->[com.google.android.gms:play-services-basement:18.3.0] AndroidManifest.xml:23:13-66
138
139        <receiver
139-->[androidx.profileinstaller:profileinstaller:1.3.0] AndroidManifest.xml:34:9-52:20
140            android:name="androidx.profileinstaller.ProfileInstallReceiver"
140-->[androidx.profileinstaller:profileinstaller:1.3.0] AndroidManifest.xml:35:13-76
141            android:directBootAware="false"
141-->[androidx.profileinstaller:profileinstaller:1.3.0] AndroidManifest.xml:36:13-44
142            android:enabled="true"
142-->[androidx.profileinstaller:profileinstaller:1.3.0] AndroidManifest.xml:37:13-35
143            android:exported="true"
143-->[androidx.profileinstaller:profileinstaller:1.3.0] AndroidManifest.xml:38:13-36
144            android:permission="android.permission.DUMP" >
144-->[androidx.profileinstaller:profileinstaller:1.3.0] AndroidManifest.xml:39:13-57
145            <intent-filter>
145-->[androidx.profileinstaller:profileinstaller:1.3.0] AndroidManifest.xml:40:13-42:29
146                <action android:name="androidx.profileinstaller.action.INSTALL_PROFILE" />
146-->[androidx.profileinstaller:profileinstaller:1.3.0] AndroidManifest.xml:41:17-91
146-->[androidx.profileinstaller:profileinstaller:1.3.0] AndroidManifest.xml:41:25-88
147            </intent-filter>
148            <intent-filter>
148-->[androidx.profileinstaller:profileinstaller:1.3.0] AndroidManifest.xml:43:13-45:29
149                <action android:name="androidx.profileinstaller.action.SKIP_FILE" />
149-->[androidx.profileinstaller:profileinstaller:1.3.0] AndroidManifest.xml:44:17-85
149-->[androidx.profileinstaller:profileinstaller:1.3.0] AndroidManifest.xml:44:25-82
150            </intent-filter>
151            <intent-filter>
151-->[androidx.profileinstaller:profileinstaller:1.3.0] AndroidManifest.xml:46:13-48:29
152                <action android:name="androidx.profileinstaller.action.SAVE_PROFILE" />
152-->[androidx.profileinstaller:profileinstaller:1.3.0] AndroidManifest.xml:47:17-88
152-->[androidx.profileinstaller:profileinstaller:1.3.0] AndroidManifest.xml:47:25-85
153            </intent-filter>
154            <intent-filter>
154-->[androidx.profileinstaller:profileinstaller:1.3.0] AndroidManifest.xml:49:13-51:29
155                <action android:name="androidx.profileinstaller.action.BENCHMARK_OPERATION" />
155-->[androidx.profileinstaller:profileinstaller:1.3.0] AndroidManifest.xml:50:17-95
155-->[androidx.profileinstaller:profileinstaller:1.3.0] AndroidManifest.xml:50:25-92
156            </intent-filter>
157        </receiver>
158    </application>
159
160</manifest>